<?xml version="1.0" encoding="UTF-8"?>
<!-- Generated by org.testng.reporters.JUnitReportReporter -->
<testsuite hostname="VrundaV" failures="0" tests="1" name="TestScript.TC01VerifyCRMLogin" time="27.785" errors="0" timestamp="2022-06-30T15:54:09 IST" skipped="0">
  <testcase classname="TestScript.TC01VerifyCRMLogin" name="VerifyCRMLogin" time="27.785"/>
  <system-out/>
</testsuite> <!-- TestScript.TC01VerifyCRMLogin -->
