<?xml version="1.0" encoding="UTF-8"?>
<!-- Generated by org.testng.reporters.JUnitReportReporter -->
<testsuite hostname="VrundaV" failures="0" tests="1" name="TestScript.TC01VerifyCRMLogin" time="15.308" errors="0" timestamp="2022-06-30T12:23:40 IST" skipped="0">
  <testcase classname="TestScript.TC01VerifyCRMLogin" name="VerifyCRMLogin" time="15.308"/>
  <system-out/>
</testsuite> <!-- TestScript.TC01VerifyCRMLogin -->
