<?xml version="1.0" encoding="UTF-8"?>
<!-- Generated by org.testng.reporters.JUnitReportReporter -->
<testsuite hostname="VrundaV" failures="0" tests="1" name="com.crm.testCases.TC01VerifyCRMLogin" time="12.686" errors="0" timestamp="2022-08-05T17:00:03 IST" skipped="0">
  <testcase classname="com.crm.testCases.TC01VerifyCRMLogin" name="VerifyCRMLogin" time="12.686"/>
  <system-out/>
</testsuite> <!-- com.crm.testCases.TC01VerifyCRMLogin -->
